  MyForm.cpp
G:\Otros ordenadores\Dispositivos externos y USB\DISPOSITIVO_USB_1661992169\UPC\UPC\Ciclo2\Algoritmo\TF-U202210355_Jose Sebastian Alvildo Perez\TF\SpriteHero\Persona.h(25,56): warning C4244: 'argumento': conversión de 'double' a 'int'; posible pérdida de datos
G:\Otros ordenadores\Dispositivos externos y USB\DISPOSITIVO_USB_1661992169\UPC\UPC\Ciclo2\Algoritmo\TF-U202210355_Jose Sebastian Alvildo Perez\TF\SpriteHero\Persona.h(25,42): warning C4244: 'argumento': conversión de 'double' a 'int'; posible pérdida de datos
G:\Otros ordenadores\Dispositivos externos y USB\DISPOSITIVO_USB_1661992169\UPC\UPC\Ciclo2\Algoritmo\TF-U202210355_Jose Sebastian Alvildo Perez\TF\SpriteHero\Persona.h(29,46): warning C4244: 'argumento': conversión de 'double' a 'int'; posible pérdida de datos
G:\Otros ordenadores\Dispositivos externos y USB\DISPOSITIVO_USB_1661992169\UPC\UPC\Ciclo2\Algoritmo\TF-U202210355_Jose Sebastian Alvildo Perez\TF\SpriteHero\Persona.h(29,32): warning C4244: 'argumento': conversión de 'double' a 'int'; posible pérdida de datos
G:\Otros ordenadores\Dispositivos externos y USB\DISPOSITIVO_USB_1661992169\UPC\UPC\Ciclo2\Algoritmo\TF-U202210355_Jose Sebastian Alvildo Perez\TF\SpriteHero\Bullet.h(25,48): warning C4244: 'argumento': conversión de 'double' a 'int'; posible pérdida de datos
G:\Otros ordenadores\Dispositivos externos y USB\DISPOSITIVO_USB_1661992169\UPC\UPC\Ciclo2\Algoritmo\TF-U202210355_Jose Sebastian Alvildo Perez\TF\SpriteHero\Bullet.h(25,33): warning C4244: 'argumento': conversión de 'double' a 'int'; posible pérdida de datos
G:\Otros ordenadores\Dispositivos externos y USB\DISPOSITIVO_USB_1661992169\UPC\UPC\Ciclo2\Algoritmo\TF-U202210355_Jose Sebastian Alvildo Perez\TF\SpriteHero\Bullet.h(47,47): warning C4244: 'argumento': conversión de 'double' a 'int'; posible pérdida de datos
G:\Otros ordenadores\Dispositivos externos y USB\DISPOSITIVO_USB_1661992169\UPC\UPC\Ciclo2\Algoritmo\TF-U202210355_Jose Sebastian Alvildo Perez\TF\SpriteHero\Bullet.h(47,32): warning C4244: 'argumento': conversión de 'double' a 'int'; posible pérdida de datos
G:\Otros ordenadores\Dispositivos externos y USB\DISPOSITIVO_USB_1661992169\UPC\UPC\Ciclo2\Algoritmo\TF-U202210355_Jose Sebastian Alvildo Perez\TF\SpriteHero\Bullet.h(50,29): warning C4244: 'return': conversión de 'double' a 'int'; posible pérdida de datos
G:\Otros ordenadores\Dispositivos externos y USB\DISPOSITIVO_USB_1661992169\UPC\UPC\Ciclo2\Algoritmo\TF-U202210355_Jose Sebastian Alvildo Perez\TF\SpriteHero\Bullet.h(52,30): warning C4244: 'return': conversión de 'double' a 'int'; posible pérdida de datos
G:\Otros ordenadores\Dispositivos externos y USB\DISPOSITIVO_USB_1661992169\UPC\UPC\Ciclo2\Algoritmo\TF-U202210355_Jose Sebastian Alvildo Perez\TF\SpriteHero\Calaveras.h(29,54): warning C4244: 'argumento': conversión de 'double' a 'int'; posible pérdida de datos
G:\Otros ordenadores\Dispositivos externos y USB\DISPOSITIVO_USB_1661992169\UPC\UPC\Ciclo2\Algoritmo\TF-U202210355_Jose Sebastian Alvildo Perez\TF\SpriteHero\Calaveras.h(29,41): warning C4244: 'argumento': conversión de 'double' a 'int'; posible pérdida de datos
G:\Otros ordenadores\Dispositivos externos y USB\DISPOSITIVO_USB_1661992169\UPC\UPC\Ciclo2\Algoritmo\TF-U202210355_Jose Sebastian Alvildo Perez\TF\SpriteHero\Calaveras.h(59,46): warning C4244: 'argumento': conversión de 'double' a 'int'; posible pérdida de datos
G:\Otros ordenadores\Dispositivos externos y USB\DISPOSITIVO_USB_1661992169\UPC\UPC\Ciclo2\Algoritmo\TF-U202210355_Jose Sebastian Alvildo Perez\TF\SpriteHero\Calaveras.h(59,32): warning C4244: 'argumento': conversión de 'double' a 'int'; posible pérdida de datos
G:\Otros ordenadores\Dispositivos externos y USB\DISPOSITIVO_USB_1661992169\UPC\UPC\Ciclo2\Algoritmo\TF-U202210355_Jose Sebastian Alvildo Perez\TF\SpriteHero\MyForm.h(26,14): warning C4244: 'argumento': conversión de 'time_t' a 'unsigned int'; posible pérdida de datos
G:\Otros ordenadores\Dispositivos externos y USB\DISPOSITIVO_USB_1661992169\UPC\UPC\Ciclo2\Algoritmo\TF-U202210355_Jose Sebastian Alvildo Perez\TF\SpriteHero\MyForm.h(112,81): warning C4244: 'argumento': conversión de 'double' a 'int'; posible pérdida de datos
G:\Otros ordenadores\Dispositivos externos y USB\DISPOSITIVO_USB_1661992169\UPC\UPC\Ciclo2\Algoritmo\TF-U202210355_Jose Sebastian Alvildo Perez\TF\SpriteHero\MyForm.h(112,59): warning C4244: 'argumento': conversión de 'double' a 'int'; posible pérdida de datos
G:\Otros ordenadores\Dispositivos externos y USB\DISPOSITIVO_USB_1661992169\UPC\UPC\Ciclo2\Algoritmo\TF-U202210355_Jose Sebastian Alvildo Perez\TF\SpriteHero\MyForm.h(6): fatal  error C1075: "{": no se encontró ningún token coincidente
  MyForm1.cpp
G:\Otros ordenadores\Dispositivos externos y USB\DISPOSITIVO_USB_1661992169\UPC\UPC\Ciclo2\Algoritmo\TF-U202210355_Jose Sebastian Alvildo Perez\TF\SpriteHero\Persona.h(25,56): warning C4244: 'argumento': conversión de 'double' a 'int'; posible pérdida de datos
G:\Otros ordenadores\Dispositivos externos y USB\DISPOSITIVO_USB_1661992169\UPC\UPC\Ciclo2\Algoritmo\TF-U202210355_Jose Sebastian Alvildo Perez\TF\SpriteHero\Persona.h(25,42): warning C4244: 'argumento': conversión de 'double' a 'int'; posible pérdida de datos
G:\Otros ordenadores\Dispositivos externos y USB\DISPOSITIVO_USB_1661992169\UPC\UPC\Ciclo2\Algoritmo\TF-U202210355_Jose Sebastian Alvildo Perez\TF\SpriteHero\Persona.h(29,46): warning C4244: 'argumento': conversión de 'double' a 'int'; posible pérdida de datos
G:\Otros ordenadores\Dispositivos externos y USB\DISPOSITIVO_USB_1661992169\UPC\UPC\Ciclo2\Algoritmo\TF-U202210355_Jose Sebastian Alvildo Perez\TF\SpriteHero\Persona.h(29,32): warning C4244: 'argumento': conversión de 'double' a 'int'; posible pérdida de datos
G:\Otros ordenadores\Dispositivos externos y USB\DISPOSITIVO_USB_1661992169\UPC\UPC\Ciclo2\Algoritmo\TF-U202210355_Jose Sebastian Alvildo Perez\TF\SpriteHero\Bullet.h(25,48): warning C4244: 'argumento': conversión de 'double' a 'int'; posible pérdida de datos
G:\Otros ordenadores\Dispositivos externos y USB\DISPOSITIVO_USB_1661992169\UPC\UPC\Ciclo2\Algoritmo\TF-U202210355_Jose Sebastian Alvildo Perez\TF\SpriteHero\Bullet.h(25,33): warning C4244: 'argumento': conversión de 'double' a 'int'; posible pérdida de datos
G:\Otros ordenadores\Dispositivos externos y USB\DISPOSITIVO_USB_1661992169\UPC\UPC\Ciclo2\Algoritmo\TF-U202210355_Jose Sebastian Alvildo Perez\TF\SpriteHero\Bullet.h(47,47): warning C4244: 'argumento': conversión de 'double' a 'int'; posible pérdida de datos
G:\Otros ordenadores\Dispositivos externos y USB\DISPOSITIVO_USB_1661992169\UPC\UPC\Ciclo2\Algoritmo\TF-U202210355_Jose Sebastian Alvildo Perez\TF\SpriteHero\Bullet.h(47,32): warning C4244: 'argumento': conversión de 'double' a 'int'; posible pérdida de datos
G:\Otros ordenadores\Dispositivos externos y USB\DISPOSITIVO_USB_1661992169\UPC\UPC\Ciclo2\Algoritmo\TF-U202210355_Jose Sebastian Alvildo Perez\TF\SpriteHero\Bullet.h(50,29): warning C4244: 'return': conversión de 'double' a 'int'; posible pérdida de datos
G:\Otros ordenadores\Dispositivos externos y USB\DISPOSITIVO_USB_1661992169\UPC\UPC\Ciclo2\Algoritmo\TF-U202210355_Jose Sebastian Alvildo Perez\TF\SpriteHero\Bullet.h(52,30): warning C4244: 'return': conversión de 'double' a 'int'; posible pérdida de datos
G:\Otros ordenadores\Dispositivos externos y USB\DISPOSITIVO_USB_1661992169\UPC\UPC\Ciclo2\Algoritmo\TF-U202210355_Jose Sebastian Alvildo Perez\TF\SpriteHero\Calaveras.h(29,54): warning C4244: 'argumento': conversión de 'double' a 'int'; posible pérdida de datos
G:\Otros ordenadores\Dispositivos externos y USB\DISPOSITIVO_USB_1661992169\UPC\UPC\Ciclo2\Algoritmo\TF-U202210355_Jose Sebastian Alvildo Perez\TF\SpriteHero\Calaveras.h(29,41): warning C4244: 'argumento': conversión de 'double' a 'int'; posible pérdida de datos
G:\Otros ordenadores\Dispositivos externos y USB\DISPOSITIVO_USB_1661992169\UPC\UPC\Ciclo2\Algoritmo\TF-U202210355_Jose Sebastian Alvildo Perez\TF\SpriteHero\Calaveras.h(59,46): warning C4244: 'argumento': conversión de 'double' a 'int'; posible pérdida de datos
G:\Otros ordenadores\Dispositivos externos y USB\DISPOSITIVO_USB_1661992169\UPC\UPC\Ciclo2\Algoritmo\TF-U202210355_Jose Sebastian Alvildo Perez\TF\SpriteHero\Calaveras.h(59,32): warning C4244: 'argumento': conversión de 'double' a 'int'; posible pérdida de datos
G:\Otros ordenadores\Dispositivos externos y USB\DISPOSITIVO_USB_1661992169\UPC\UPC\Ciclo2\Algoritmo\TF-U202210355_Jose Sebastian Alvildo Perez\TF\SpriteHero\MyForm.h(26,14): warning C4244: 'argumento': conversión de 'time_t' a 'unsigned int'; posible pérdida de datos
G:\Otros ordenadores\Dispositivos externos y USB\DISPOSITIVO_USB_1661992169\UPC\UPC\Ciclo2\Algoritmo\TF-U202210355_Jose Sebastian Alvildo Perez\TF\SpriteHero\MyForm.h(112,81): warning C4244: 'argumento': conversión de 'double' a 'int'; posible pérdida de datos
G:\Otros ordenadores\Dispositivos externos y USB\DISPOSITIVO_USB_1661992169\UPC\UPC\Ciclo2\Algoritmo\TF-U202210355_Jose Sebastian Alvildo Perez\TF\SpriteHero\MyForm.h(112,59): warning C4244: 'argumento': conversión de 'double' a 'int'; posible pérdida de datos
G:\Otros ordenadores\Dispositivos externos y USB\DISPOSITIVO_USB_1661992169\UPC\UPC\Ciclo2\Algoritmo\TF-U202210355_Jose Sebastian Alvildo Perez\TF\SpriteHero\MyForm.h(6): fatal  error C1075: "{": no se encontró ningún token coincidente
  Generando código...
